0 info it worked if it ends with ok
1 verbose cli [ '/Users/krs/.nvm/versions/node/v7.1.0/bin/node',
1 verbose cli   '/Users/krs/.nvm/versions/node/v7.1.0/bin/npm',
1 verbose cli   'start' ]
2 info using npm@3.10.9
3 info using node@v7.1.0
4 verbose run-script [ 'prestart', 'start', 'poststart' ]
5 info lifecycle sjs@0.0.1~prestart: sjs@0.0.1
6 silly lifecycle sjs@0.0.1~prestart: no script for prestart, continuing
7 info lifecycle sjs@0.0.1~start: sjs@0.0.1
8 verbose lifecycle sjs@0.0.1~start: unsafe-perm in lifecycle true
9 verbose lifecycle sjs@0.0.1~start: PATH: /Users/krs/.nvm/versions/node/v7.1.0/lib/node_modules/npm/bin/node-gyp-bin:/Users/krs/Documents/kpi/srangeJS/node_modules/.bin:/Users/krs/.rvm/gems/ruby-2.3.0/bin:/Users/krs/.rvm/gems/ruby-2.3.0@global/bin:/Users/krs/.rvm/rubies/ruby-2.3.0/bin:/Users/krs/.nvm/versions/node/v7.1.0/bin:/Library/Frameworks/Python.framework/Versions/3.5/bin:/usr/local/bin:/usr/bin:/bin:/usr/sbin:/sbin:/Users/krs/.rvm/bin
10 verbose lifecycle sjs@0.0.1~start: CWD: /Users/krs/Documents/kpi/srangeJS
11 silly lifecycle sjs@0.0.1~start: Args: [ '-c', 'node index.js' ]
12 silly lifecycle sjs@0.0.1~start: Returned: code: 1  signal: null
13 info lifecycle sjs@0.0.1~start: Failed to exec start script
14 verbose stack Error: sjs@0.0.1 start: `node index.js`
14 verbose stack Exit status 1
14 verbose stack     at EventEmitter.<anonymous> (/Users/krs/.nvm/versions/node/v7.1.0/lib/node_modules/npm/lib/utils/lifecycle.js:255:16)
14 verbose stack     at emitTwo (events.js:106:13)
14 verbose stack     at EventEmitter.emit (events.js:191:7)
14 verbose stack     at ChildProcess.<anonymous> (/Users/krs/.nvm/versions/node/v7.1.0/lib/node_modules/npm/lib/utils/spawn.js:40:14)
14 verbose stack     at emitTwo (events.js:106:13)
14 verbose stack     at ChildProcess.emit (events.js:191:7)
14 verbose stack     at maybeClose (internal/child_process.js:885:16)
14 verbose stack     at Process.ChildProcess._handle.onexit (internal/child_process.js:226:5)
15 verbose pkgid sjs@0.0.1
16 verbose cwd /Users/krs/Documents/kpi/srangeJS
17 error Darwin 15.6.0
18 error argv "/Users/krs/.nvm/versions/node/v7.1.0/bin/node" "/Users/krs/.nvm/versions/node/v7.1.0/bin/npm" "start"
19 error node v7.1.0
20 error npm  v3.10.9
21 error code ELIFECYCLE
22 error sjs@0.0.1 start: `node index.js`
22 error Exit status 1
23 error Failed at the sjs@0.0.1 start script 'node index.js'.
23 error Make sure you have the latest version of node.js and npm installed.
23 error If you do, this is most likely a problem with the sjs package,
23 error not with npm itself.
23 error Tell the author that this fails on your system:
23 error     node index.js
23 error You can get information on how to open an issue for this project with:
23 error     npm bugs sjs
23 error Or if that isn't available, you can get their info via:
23 error     npm owner ls sjs
23 error There is likely additional logging output above.
24 verbose exit [ 1, true ]
